<?xml version="1.0" encoding="UTF-8"?>
<!-- Generated by org.testng.reporters.JUnitReportReporter -->
<testsuite skipped="0" hostname="MDLT011" name="com.CucumberRunner" tests="4" failures="0" timestamp="2020-06-29T15:07:36 IST" time="40.923" errors="0">
  <testcase name="scenario" time="6.243" classname="com.CucumberRunner"/>
  <system-out/>
  <testcase name="scenario" time="14.905" classname="com.CucumberRunner"/>
  <system-out/>
  <testcase name="scenario" time="8.354" classname="com.CucumberRunner"/>
  <system-out/>
  <testcase name="scenario" time="11.421" classname="com.CucumberRunner"/>
  <system-out/>
</testsuite> <!-- com.CucumberRunner -->
